0 info it worked if it ends with ok
1 verbose cli [ 'node', '/usr/local/bin/npm', 'install', '-g', 'iron-meteor' ]
2 info using npm@2.11.3
3 info using node@v0.12.7
4 verbose install initial load of /usr/local/lib/package.json
5 verbose readDependencies loading dependencies from /usr/local/lib/package.json
6 silly cache add args [ 'iron-meteor', null ]
7 verbose cache add spec iron-meteor
8 silly cache add parsed spec { raw: 'iron-meteor',
8 silly cache add   scope: null,
8 silly cache add   name: 'iron-meteor',
8 silly cache add   rawSpec: '',
8 silly cache add   spec: '*',
8 silly cache add   type: 'range' }
9 silly addNamed iron-meteor@*
10 verbose addNamed "*" is a valid semver range for iron-meteor
11 silly addNameRange { name: 'iron-meteor', range: '*', hasData: false }
12 silly mapToRegistry name iron-meteor
13 silly mapToRegistry using default registry
14 silly mapToRegistry registry https://registry.npmjs.org/
15 silly mapToRegistry uri https://registry.npmjs.org/iron-meteor
16 verbose addNameRange registry:https://registry.npmjs.org/iron-meteor not in flight; fetching
17 verbose request uri https://registry.npmjs.org/iron-meteor
18 verbose request no auth needed
19 info attempt registry request try #1 at 5:51:15 PM
20 verbose request id e301d0ac5a57bf73
21 http request GET https://registry.npmjs.org/iron-meteor
22 http 200 https://registry.npmjs.org/iron-meteor
23 silly get cb [ 200,
23 silly get   { server: 'CouchDB/1.5.0 (Erlang OTP/R16B03)',
23 silly get     etag: '"11OD777EVMEL15FJ5QBWEKXOO"',
23 silly get     'content-type': 'application/json',
23 silly get     'cache-control': 'max-age=60',
23 silly get     'content-length': '35583',
23 silly get     'accept-ranges': 'bytes',
23 silly get     date: 'Tue, 03 Nov 2015 01:51:17 GMT',
23 silly get     via: '1.1 varnish',
23 silly get     age: '0',
23 silly get     connection: 'keep-alive',
23 silly get     'x-served-by': 'cache-sjc3127-SJC',
23 silly get     'x-cache': 'MISS',
23 silly get     'x-cache-hits': '0',
23 silly get     'x-timer': 'S1446515476.835636,VS0,VE224',
23 silly get     vary: 'Accept' } ]
24 verbose get saving iron-meteor to /Users/josh/.npm/registry.npmjs.org/iron-meteor/.cache.json
25 silly addNameRange number 2 { name: 'iron-meteor', range: '*', hasData: true }
26 silly addNameRange versions [ 'iron-meteor',
26 silly addNameRange   [ '1.0.0',
26 silly addNameRange     '1.1.0',
26 silly addNameRange     '1.1.1',
26 silly addNameRange     '1.1.2',
26 silly addNameRange     '1.2.0',
26 silly addNameRange     '1.2.1',
26 silly addNameRange     '1.2.2',
26 silly addNameRange     '1.3.0',
26 silly addNameRange     '1.3.1',
26 silly addNameRange     '1.3.2',
26 silly addNameRange     '1.4.1',
26 silly addNameRange     '1.4.2',
26 silly addNameRange     '1.5.0' ] ]
27 silly addNamed iron-meteor@1.5.0
28 verbose addNamed "1.5.0" is a plain semver version for iron-meteor
29 silly mapToRegistry name iron-meteor
30 silly mapToRegistry using default registry
31 silly mapToRegistry registry https://registry.npmjs.org/
32 silly mapToRegistry uri https://registry.npmjs.org/iron-meteor
33 verbose addRemoteTarball https://registry.npmjs.org/iron-meteor/-/iron-meteor-1.5.0.tgz not in flight; adding
34 verbose addRemoteTarball [ 'https://registry.npmjs.org/iron-meteor/-/iron-meteor-1.5.0.tgz',
34 verbose addRemoteTarball   '63a5185b04cbfded9ad452845f3fefeacf4fe197' ]
35 info retry fetch attempt 1 at 5:51:16 PM
36 info attempt registry request try #1 at 5:51:16 PM
37 http fetch GET https://registry.npmjs.org/iron-meteor/-/iron-meteor-1.5.0.tgz
38 http fetch 200 https://registry.npmjs.org/iron-meteor/-/iron-meteor-1.5.0.tgz
39 silly fetchAndShaCheck shasum 63a5185b04cbfded9ad452845f3fefeacf4fe197
40 verbose addTmpTarball /var/folders/6f/bbntnwpj07gg_g06x_2p9wm00000gn/T/npm-17165-f84e0339/registry.npmjs.org/iron-meteor/-/iron-meteor-1.5.0.tgz not in flight; adding
41 verbose addTmpTarball already have metadata; skipping unpack for iron-meteor@1.5.0
42 silly cache afterAdd iron-meteor@1.5.0
43 verbose afterAdd /Users/josh/.npm/iron-meteor/1.5.0/package/package.json not in flight; writing
44 verbose afterAdd /Users/josh/.npm/iron-meteor/1.5.0/package/package.json written
45 silly install resolved [ { name: 'iron-meteor',
45 silly install resolved     version: '1.5.0',
45 silly install resolved     description: 'A command line tool for scaffolding Meteor applications.',
45 silly install resolved     homepage: 'https://github.com/iron-meteor/iron-cli',
45 silly install resolved     bugs:
45 silly install resolved      { url: 'https://github.com/iron-meteor/iron-cli/issues',
45 silly install resolved        email: 'chris@eventedmind.com' },
45 silly install resolved     scripts: { test: 'mocha test/integration' },
45 silly install resolved     author: { name: 'Chris Mather', email: 'chris@eventedmind.com' },
45 silly install resolved     license: 'MIT',
45 silly install resolved     dependencies:
45 silly install resolved      { 'cli-color': '0.2.3',
45 silly install resolved        minimist: '0.0.8',
45 silly install resolved        underscore: '1.8.3',
45 silly install resolved        'cli-table': '0.3.0',
45 silly install resolved        ejs: '0.8.5',
45 silly install resolved        fibers: '1.0.7',
45 silly install resolved        'single-line-log': '0.4.1',
45 silly install resolved        'shell-source': '1.1.0',
45 silly install resolved        xtend: '^4.0.0' },
45 silly install resolved     bin: { iron: './bin/iron' },
45 silly install resolved     devDependencies:
45 silly install resolved      { chai: '^1.9.1',
45 silly install resolved        chdir: '0.0.0',
45 silly install resolved        'concat-stream': '^1.4.6',
45 silly install resolved        mkdirp: '^0.5.0',
45 silly install resolved        mocha: '^1.21.4',
45 silly install resolved        rimraf: '^2.2.8' },
45 silly install resolved     contributors:
45 silly install resolved      [ [Object],
45 silly install resolved        [Object],
45 silly install resolved        [Object],
45 silly install resolved        [Object],
45 silly install resolved        [Object],
45 silly install resolved        [Object],
45 silly install resolved        [Object],
45 silly install resolved        [Object],
45 silly install resolved        [Object],
45 silly install resolved        [Object],
45 silly install resolved        [Object],
45 silly install resolved        [Object],
45 silly install resolved        [Object],
45 silly install resolved        [Object],
45 silly install resolved        [Object],
45 silly install resolved        [Object] ],
45 silly install resolved     gitHead: 'aa3f5c2105fa28c528bbb24eedd168ee335d1ee3',
45 silly install resolved     _id: 'iron-meteor@1.5.0',
45 silly install resolved     _shasum: '63a5185b04cbfded9ad452845f3fefeacf4fe197',
45 silly install resolved     _from: 'iron-meteor@*',
45 silly install resolved     _npmVersion: '2.7.4',
45 silly install resolved     _nodeVersion: '0.12.2',
45 silly install resolved     _npmUser: { name: 'chrisbutler', email: 'chris@platformthirteen.com' },
45 silly install resolved     dist:
45 silly install resolved      { shasum: '63a5185b04cbfded9ad452845f3fefeacf4fe197',
45 silly install resolved        tarball: 'http://registry.npmjs.org/iron-meteor/-/iron-meteor-1.5.0.tgz' },
45 silly install resolved     maintainers: [ [Object], [Object], [Object] ],
45 silly install resolved     directories: {},
45 silly install resolved     _resolved: 'https://registry.npmjs.org/iron-meteor/-/iron-meteor-1.5.0.tgz' } ]
46 info install iron-meteor@1.5.0 into /usr/local/lib
47 info installOne iron-meteor@1.5.0
48 verbose installOne of iron-meteor to /usr/local/lib not in flight; installing
49 verbose lock using /Users/josh/.npm/_locks/iron-meteor-dd7c95e3a48c57c7.lock for /usr/local/lib/node_modules/iron-meteor
50 silly install write writing iron-meteor 1.5.0 to /usr/local/lib/node_modules/iron-meteor
51 verbose unbuild lib/node_modules/iron-meteor
52 silly gentlyRm /usr/local/lib/node_modules/iron-meteor is being purged from base /usr/local
53 verbose gentlyRm don't care about contents; nuking /usr/local/lib/node_modules/iron-meteor
54 verbose tar unpack /Users/josh/.npm/iron-meteor/1.5.0/package.tgz
55 verbose tar unpacking to /usr/local/lib/node_modules/iron-meteor
56 silly gentlyRm /usr/local/lib/node_modules/iron-meteor is being purged
57 verbose gentlyRm don't care about contents; nuking /usr/local/lib/node_modules/iron-meteor
58 silly gunzTarPerm modes [ '755', '644' ]
59 error tar.unpack untar error /Users/josh/.npm/iron-meteor/1.5.0/package.tgz
60 verbose unlock done using /Users/josh/.npm/_locks/iron-meteor-dd7c95e3a48c57c7.lock for /usr/local/lib/node_modules/iron-meteor
61 verbose fstream_path /usr/local/lib/node_modules/iron-meteor
62 verbose fstream_type Directory
63 verbose fstream_class DirWriter
64 verbose stack Error: EACCES, mkdir '/usr/local/lib/node_modules/iron-meteor'
64 verbose stack     at Error (native)
65 verbose fstream_stack /usr/local/lib/node_modules/npm/node_modules/fstream/lib/dir-writer.js:35:25
65 verbose fstream_stack /usr/local/lib/node_modules/npm/node_modules/mkdirp/index.js:47:53
65 verbose fstream_stack FSReqWrap.oncomplete (fs.js:95:15)
66 verbose cwd /Users/josh/costumeswap
67 error Darwin 15.0.0
68 error argv "node" "/usr/local/bin/npm" "install" "-g" "iron-meteor"
69 error node v0.12.7
70 error npm  v2.11.3
71 error path /usr/local/lib/node_modules/iron-meteor
72 error code EACCES
73 error errno -13
74 error Error: EACCES, mkdir '/usr/local/lib/node_modules/iron-meteor'
74 error     at Error (native)
74 error  { [Error: EACCES, mkdir '/usr/local/lib/node_modules/iron-meteor']
74 error   errno: -13,
74 error   code: 'EACCES',
74 error   path: '/usr/local/lib/node_modules/iron-meteor',
74 error   fstream_type: 'Directory',
74 error   fstream_path: '/usr/local/lib/node_modules/iron-meteor',
74 error   fstream_class: 'DirWriter',
74 error   fstream_stack:
74 error    [ '/usr/local/lib/node_modules/npm/node_modules/fstream/lib/dir-writer.js:35:25',
74 error      '/usr/local/lib/node_modules/npm/node_modules/mkdirp/index.js:47:53',
74 error      'FSReqWrap.oncomplete (fs.js:95:15)' ] }
75 error Please try running this command again as root/Administrator.
76 verbose exit [ -13, true ]
77 verbose unbuild lib/node_modules/iron-meteor
78 silly gentlyRm /usr/local/lib/node_modules/iron-meteor is being purged from base /usr/local
79 verbose gentlyRm don't care about contents; nuking /usr/local/lib/node_modules/iron-meteor
